[5005] sends Message: Ready to [FileOwner]
[5005] request Chunk list from [FileOwner]
[5005] received Chunk List from peer [FileOwner]
[5005] Request Chunk [5] from [FileOwner]
[5005] Download Chunk [5] from [FileOwner]
[5005] Request Chunk [10] from [FileOwner]
[5005] Download Chunk [10] from [FileOwner]
[5005] Request Chunk [15] from [FileOwner]
[5005] Download Chunk [15] from [FileOwner]
[5005] Request Chunk [20] from [FileOwner]
[5005] Download Chunk [20] from [FileOwner]
[5005] Request Chunk [25] from [FileOwner]
[5005] Download Chunk [25] from [FileOwner]
[5005] Request Chunk [30] from [FileOwner]
[5005] Download Chunk [30] from [FileOwner]
[5005] Request Chunk [35] from [FileOwner]
[5005] Download Chunk [35] from [FileOwner]
[5005] Request Chunk [40] from [FileOwner]
[5005] Download Chunk [40] from [FileOwner]
[5005] sends Message: Ready to [5001]
[5005] request Chunk list from [5001]
[5005] received Chunk List from peer [5001]
[5005] Request Chunk [26] from [5001]
[5005] Download Chunk [26] from [5001]
[5005] received Message: READY from peer [5004]
[5005] sends Message: Ready to [5001]
[5005] request Chunk list from [5001]
[5005] received Chunk List from peer [5001]
[5005] sent Chunk List to peer [5004]
[5005] Request Chunk [5004]
[5005] Request Chunk [16] from [5001]
[5005] Uploaded Chunk [37] to peer [5004]
[5005] received Message: READY from peer [5004]
[5005] sent Chunk List to peer [5004]
[5005] Request Chunk [5004]
[5005] Download Chunk [16] from [5001]
[5005] Uploaded Chunk [32] to peer [5004]
[5005] sends Message: Ready to [5001]
[5005] request Chunk list from [5001]
[5005] received Chunk List from peer [5001]
[5005] Request Chunk [21] from [5001]
[5005] received Message: READY from peer [5004]
[5005] sent Chunk List to peer [5004]
[5005] Download Chunk [21] from [5001]
[5005] Request Chunk [5004]
[5005] sends Message: Ready to [5001]
[5005] request Chunk list from [5001]
[5005] Uploaded Chunk [5] to peer [5004]
[5005] received Chunk List from peer [5001]
[5005] Request Chunk [32] from [5001]
[5005] received Message: READY from peer [5004]
[5005] sent Chunk List to peer [5004]
[5005] Download Chunk [32] from [5001]
[5005] sends Message: Ready to [5001]
[5005] request Chunk list from [5001]
[5005] received Chunk List from peer [5001]
[5005] Request Chunk [5004]
[5005] Uploaded Chunk [33] to peer [5004]
[5005] Request Chunk [28] from [5001]
[5005] received Message: READY from peer [5004]
[5005] Download Chunk [28] from [5001]
[5005] sent Chunk List to peer [5004]
[5005] sends Message: Ready to [5001]
[5005] request Chunk list from [5001]
[5005] received Chunk List from peer [5001]
[5005] Request Chunk [38] from [5001]
[5005] Request Chunk [5004]
[5005] Uploaded Chunk [22] to peer [5004]
[5005] Download Chunk [38] from [5001]
[5005] sends Message: Ready to [5001]
[5005] request Chunk list from [5001]
[5005] received Chunk List from peer [5001]
[5005] Request Chunk [34] from [5001]
[5005] received Message: READY from peer [5004]
[5005] Download Chunk [34] from [5001]
[5005] sent Chunk List to peer [5004]
[5005] sends Message: Ready to [5001]
[5005] request Chunk list from [5001]
[5005] received Chunk List from peer [5001]
[5005] Request Chunk [12] from [5001]
[5005] Request Chunk [5004]
[5005] Uploaded Chunk [11] to peer [5004]
[5005] received Message: READY from peer [5004]
[5005] sent Chunk List to peer [5004]
[5005] Download Chunk [12] from [5001]
[5005] Request Chunk [5004]
[5005] sends Message: Ready to [5001]
[5005] request Chunk list from [5001]
[5005] received Chunk List from peer [5001]
[5005] Request Chunk [23] from [5001]
[5005] Uploaded Chunk [1] to peer [5004]
[5005] received Message: READY from peer [5004]
[5005] sent Chunk List to peer [5004]
[5005] Request Chunk [5004]
[5005] Uploaded Chunk [28] to peer [5004]
[5005] received Message: READY from peer [5004]
[5005] sent Chunk List to peer [5004]
[5005] Request Chunk [5004]
[5005] Download Chunk [23] from [5001]
[5005] sends Message: Ready to [5001]
[5005] Uploaded Chunk [3] to peer [5004]
[5005] request Chunk list from [5001]
[5005] received Chunk List from peer [5001]
[5005] Request Chunk [3] from [5001]
[5005] received Message: READY from peer [5004]
[5005] sent Chunk List to peer [5004]
[5005] Download Chunk [3] from [5001]
[5005] sends Message: Ready to [5001]
[5005] request Chunk list from [5001]
[5005] received Chunk List from peer [5001]
[5005] Request Chunk [5004]
[5005] Request Chunk [31] from [5001]
[5005] Uploaded Chunk [16] to peer [5004]
[5005] Download Chunk [31] from [5001]
[5005] sends Message: Ready to [5001]
[5005] request Chunk list from [5001]
[5005] received Chunk List from peer [5001]
[5005] received Message: READY from peer [5004]
[5005] sent Chunk List to peer [5004]
[5005] Request Chunk [22] from [5001]
[5005] Request Chunk [5004]
[5005] Uploaded Chunk [26] to peer [5004]
[5005] Download Chunk [22] from [5001]
[5005] sends Message: Ready to [5001]
[5005] request Chunk list from [5001]
[5005] received Chunk List from peer [5001]
[5005] received Message: READY from peer [5004]
[5005] sent Chunk List to peer [5004]
[5005] Request Chunk [4] from [5001]
[5005] Request Chunk [5004]
[5005] Uploaded Chunk [31] to peer [5004]
[5005] Download Chunk [4] from [5001]
[5005] sends Message: Ready to [5001]
[5005] request Chunk list from [5001]
[5005] received Chunk List from peer [5001]
[5005] Request Chunk [8] from [5001]
[5005] received Message: READY from peer [5004]
[5005] sent Chunk List to peer [5004]
[5005] Download Chunk [8] from [5001]
[5005] sends Message: Ready to [5001]
[5005] request Chunk list from [5001]
[5005] received Chunk List from peer [5001]
[5005] Request Chunk [5004]
[5005] Uploaded Chunk [15] to peer [5004]
[5005] Request Chunk [36] from [5001]
[5005] received Message: READY from peer [5004]
[5005] sent Chunk List to peer [5004]
[5005] Download Chunk [36] from [5001]
[5005] sends Message: Ready to [5001]
[5005] request Chunk list from [5001]
[5005] received Chunk List from peer [5001]
[5005] Request Chunk [5004]
[5005] Uploaded Chunk [10] to peer [5004]
[5005] Request Chunk [37] from [5001]
[5005] Download Chunk [37] from [5001]
[5005] sends Message: Ready to [5001]
[5005] request Chunk list from [5001]
[5005] received Chunk List from peer [5001]
[5005] received Message: READY from peer [5004]
[5005] sent Chunk List to peer [5004]
[5005] Request Chunk [14] from [5001]
[5005] Request Chunk [5004]
[5005] Uploaded Chunk [20] to peer [5004]
[5005] Download Chunk [14] from [5001]
[5005] sends Message: Ready to [5001]
[5005] request Chunk list from [5001]
[5005] received Chunk List from peer [5001]
[5005] Request Chunk [11] from [5001]
[5005] received Message: READY from peer [5004]
[5005] sent Chunk List to peer [5004]
[5005] Request Chunk [5004]
[5005] Uploaded Chunk [21] to peer [5004]
[5005] Download Chunk [11] from [5001]
[5005] sends Message: Ready to [5001]
[5005] request Chunk list from [5001]
[5005] received Chunk List from peer [5001]
[5005] Request Chunk [29] from [5001]
[5005] received Message: READY from peer [5004]
[5005] sent Chunk List to peer [5004]
[5005] Download Chunk [29] from [5001]
[5005] Request Chunk [5004]
[5005] sends Message: Ready to [5001]
[5005] request Chunk list from [5001]
[5005] received Chunk List from peer [5001]
[5005] Uploaded Chunk [7] to peer [5004]
[5005] Request Chunk [2] from [5001]
[5005] received Message: READY from peer [5004]
[5005] sent Chunk List to peer [5004]
[5005] Download Chunk [2] from [5001]
[5005] sends Message: Ready to [5001]
[5005] request Chunk list from [5001]
[5005] received Chunk List from peer [5001]
[5005] Request Chunk [5004]
[5005] Request Chunk [6] from [5001]
[5005] Uploaded Chunk [23] to peer [5004]
[5005] Download Chunk [6] from [5001]
[5005] sends Message: Ready to [5001]
[5005] request Chunk list from [5001]
[5005] received Chunk List from peer [5001]
[5005] received Message: READY from peer [5004]
[5005] sent Chunk List to peer [5004]
[5005] Request Chunk [27] from [5001]
[5005] Request Chunk [5004]
[5005] Uploaded Chunk [12] to peer [5004]
[5005] Download Chunk [27] from [5001]
[5005] sends Message: Ready to [5001]
[5005] request Chunk list from [5001]
[5005] received Message: READY from peer [5004]
[5005] received Chunk List from peer [5001]
[5005] Request Chunk [17] from [5001]
[5005] sent Chunk List to peer [5004]
[5005] Request Chunk [5004]
[5005] Uploaded Chunk [13] to peer [5004]
[5005] Download Chunk [17] from [5001]
[5005] sends Message: Ready to [5001]
[5005] request Chunk list from [5001]
[5005] received Chunk List from peer [5001]
[5005] Request Chunk [18] from [5001]
[5005] received Message: READY from peer [5004]
[5005] sent Chunk List to peer [5004]
[5005] Request Chunk [5004]
[5005] Download Chunk [18] from [5001]
[5005] sends Message: Ready to [5001]
[5005] request Chunk list from [5001]
[5005] received Chunk List from peer [5001]
[5005] Uploaded Chunk [35] to peer [5004]
[5005] Request Chunk [19] from [5001]
[5005] received Message: READY from peer [5004]
[5005] sent Chunk List to peer [5004]
[5005] Download Chunk [19] from [5001]
[5005] sends Message: Ready to [5001]
[5005] request Chunk list from [5001]
[5005] received Chunk List from peer [5001]
[5005] Request Chunk [5004]
[5005] Request Chunk [7] from [5001]
[5005] Uploaded Chunk [6] to peer [5004]
[5005] received Message: READY from peer [5004]
[5005] Download Chunk [7] from [5001]
[5005] sends Message: Ready to [5001]
[5005] request Chunk list from [5001]
[5005] received Chunk List from peer [5001]
[5005] sent Chunk List to peer [5004]
[5005] Request Chunk [9] from [5001]
[5005] Request Chunk [5004]
[5005] Uploaded Chunk [8] to peer [5004]
[5005] Download Chunk [9] from [5001]
[5005] sends Message: Ready to [5001]
[5005] request Chunk list from [5001]
[5005] received Chunk List from peer [5001]
[5005] received Message: READY from peer [5004]
[5005] Request Chunk [24] from [5001]
[5005] sent Chunk List to peer [5004]
[5005] Download Chunk [24] from [5001]
[5005] sends Message: Ready to [5001]
[5005] request Chunk list from [5001]
[5005] received Chunk List from peer [5001]
[5005] Request Chunk [5004]
[5005] Request Chunk [33] from [5001]
[5005] Uploaded Chunk [17] to peer [5004]
[5005] received Message: READY from peer [5004]
[5005] sent Chunk List to peer [5004]
[5005] Request Chunk [5004]
[5005] Uploaded Chunk [36] to peer [5004]
[5005] received Message: READY from peer [5004]
[5005] sent Chunk List to peer [5004]
[5005] Request Chunk [5004]
[5005] Download Chunk [33] from [5001]
[5005] sends Message: Ready to [5001]
[5005] request Chunk list from [5001]
[5005] received Chunk List from peer [5001]
[5005] Uploaded Chunk [38] to peer [5004]
[5005] received Message: READY from peer [5004]
[5005] Request Chunk [1] from [5001]
[5005] sent Chunk List to peer [5004]
[5005] Request Chunk [5004]
[5005] Uploaded Chunk [30] to peer [5004]
[5005] received Message: READY from peer [5004]
[5005] Download Chunk [1] from [5001]
[5005] sends Message: Ready to [5001]
[5005] request Chunk list from [5001]
[5005] received Chunk List from peer [5001]
[5005] sent Chunk List to peer [5004]
[5005] Request Chunk [5004]
[5005] Uploaded Chunk [27] to peer [5004]
[5005] received Message: READY from peer [5004]
[5005] sent Chunk List to peer [5004]
[5005] Request Chunk [5004]
[5005] Request Chunk [13] from [5001]
[5005] Uploaded Chunk [2] to peer [5004]
[5005] received Message: READY from peer [5004]
[5005] sent Chunk List to peer [5004]
[5005] Request Chunk [5004]
[5005] Download Chunk [13] from [5001]
[5005] sends Message: Ready to [5001]
[5005] request Chunk list from [5001]
[5005] received Chunk List from peer [5001]
[5005] Uploaded Chunk [40] to peer [5004]
[5005] received Message: READY from peer [5004]
[5005] sent Chunk List to peer [5004]
[5005] Request Chunk [5004]
[5005] Request Chunk [39] from [5001]
[5005] Uploaded Chunk [25] to peer [5004]
[5005] Download Chunk [39] from [5001]
[5005] received Message: READY from peer [5004]
[5005] Received all chunks of the file and finished merging the file
[5005] sent Chunk List to peer [5004]
[5005] Request Chunk [5004]
[5005] Uploaded Chunk [18] to peer [5004]
